***  New session 12:12:54 17.11.2006
Копирование в директорию C:\Documents and Settings\vks\Мои документы\Всё о Дельфи\Backuper\Backup\
C:\Documents and Settings\vks\Мои документы\Всё о Дельфи\Backuper\Backuper.cfg succesful copied
C:\Documents and Settings\vks\Мои документы\Всё о Дельфи\Backuper\COPY.ICO succesful copied
C:\Documents and Settings\vks\Мои документы\Всё о Дельфи\Backuper\backuper.log NOT copied
C:\Documents and Settings\vks\Мои документы\Всё о Дельфи\Backuper\Backuper.dof succesful copied
C:\Documents and Settings\vks\Мои документы\Всё о Дельфи\Backuper\Backuper.dpr succesful copied
C:\Documents and Settings\vks\Мои документы\Всё о Дельфи\Backuper\Backuper.res succesful copied
C:\Documents and Settings\vks\Мои документы\Всё о Дельфи\Backuper\Backuper.exe NOT copied
C:\Documents and Settings\vks\Мои документы\Всё о Дельфи\Backuper\sample.bat succesful copied
C:\Documents and Settings\vks\Мои документы\Всё о Дельфи\Backuper\Описание.txt succesful copied
C:\Documents and Settings\vks\Мои документы\Всё о Дельфи\Backuper\Backuper.~dpr succesful copied
8 файлов скопировано

***  New session 0:33:15 05.08.2007
Копирование в директорию C:\Documents and Settings\vks\Мои документы\to site\Backuper 1.0\Backup\
C:\Documents and Settings\vks\Мои документы\to site\Backuper 1.0\Backuper.cfg succesful copied
C:\Documents and Settings\vks\Мои документы\to site\Backuper 1.0\COPY.ICO succesful copied
C:\Documents and Settings\vks\Мои документы\to site\Backuper 1.0\backuper.log NOT copied
C:\Documents and Settings\vks\Мои документы\to site\Backuper 1.0\Backuper.dof succesful copied
C:\Documents and Settings\vks\Мои документы\to site\Backuper 1.0\Backuper.dpr succesful copied
C:\Documents and Settings\vks\Мои документы\to site\Backuper 1.0\Backuper.res succesful copied
C:\Documents and Settings\vks\Мои документы\to site\Backuper 1.0\Backuper.exe NOT copied
C:\Documents and Settings\vks\Мои документы\to site\Backuper 1.0\sample.bat succesful copied
C:\Documents and Settings\vks\Мои документы\to site\Backuper 1.0\Описание.txt succesful copied
C:\Documents and Settings\vks\Мои документы\to site\Backuper 1.0\Backuper.~dpr succesful copied
8 файлов скопировано

***  New session 14:21:01 15.10.2008
Копирование в директорию C:\Documents and Settings\SLAIDER\Рабочий стол\Delphi\Backuper 1.0\Backup\
C:\Documents and Settings\SLAIDER\Рабочий стол\Delphi\Backuper 1.0\Backuper.cfg succesful copied
C:\Documents and Settings\SLAIDER\Рабочий стол\Delphi\Backuper 1.0\Backuper.dof succesful copied
C:\Documents and Settings\SLAIDER\Рабочий стол\Delphi\Backuper 1.0\Backuper.dpr succesful copied
C:\Documents and Settings\SLAIDER\Рабочий стол\Delphi\Backuper 1.0\Backuper.exe NOT copied
C:\Documents and Settings\SLAIDER\Рабочий стол\Delphi\Backuper 1.0\backuper.log NOT copied
C:\Documents and Settings\SLAIDER\Рабочий стол\Delphi\Backuper 1.0\Backuper.res succesful copied
C:\Documents and Settings\SLAIDER\Рабочий стол\Delphi\Backuper 1.0\Backuper.~dpr succesful copied
C:\Documents and Settings\SLAIDER\Рабочий стол\Delphi\Backuper 1.0\COPY.ICO succesful copied
C:\Documents and Settings\SLAIDER\Рабочий стол\Delphi\Backuper 1.0\sample.bat succesful copied
C:\Documents and Settings\SLAIDER\Рабочий стол\Delphi\Backuper 1.0\Описание.txt succesful copied
8 файлов скопировано

***  New session 14:21:03 15.10.2008
Копирование в директорию C:\Documents and Settings\SLAIDER\Рабочий стол\Delphi\Backuper 1.0\Backup\
C:\Documents and Settings\SLAIDER\Рабочий стол\Delphi\Backuper 1.0\Backuper.cfg succesful copied
C:\Documents and Settings\SLAIDER\Рабочий стол\Delphi\Backuper 1.0\Backuper.dof succesful copied
C:\Documents and Settings\SLAIDER\Рабочий стол\Delphi\Backuper 1.0\Backuper.dpr succesful copied
C:\Documents and Settings\SLAIDER\Рабочий стол\Delphi\Backuper 1.0\Backuper.exe NOT copied
C:\Documents and Settings\SLAIDER\Рабочий стол\Delphi\Backuper 1.0\backuper.log NOT copied
C:\Documents and Settings\SLAIDER\Рабочий стол\Delphi\Backuper 1.0\Backuper.res succesful copied
C:\Documents and Settings\SLAIDER\Рабочий стол\Delphi\Backuper 1.0\Backuper.~dpr succesful copied
C:\Documents and Settings\SLAIDER\Рабочий стол\Delphi\Backuper 1.0\COPY.ICO succesful copied
C:\Documents and Settings\SLAIDER\Рабочий стол\Delphi\Backuper 1.0\sample.bat succesful copied
C:\Documents and Settings\SLAIDER\Рабочий стол\Delphi\Backuper 1.0\Описание.txt succesful copied
8 файлов скопировано

***  New session 14:21:04 15.10.2008
Копирование в директорию C:\Documents and Settings\SLAIDER\Рабочий стол\Delphi\Backuper 1.0\Backup\
C:\Documents and Settings\SLAIDER\Рабочий стол\Delphi\Backuper 1.0\Backuper.cfg succesful copied
C:\Documents and Settings\SLAIDER\Рабочий стол\Delphi\Backuper 1.0\Backuper.dof succesful copied
C:\Documents and Settings\SLAIDER\Рабочий стол\Delphi\Backuper 1.0\Backuper.dpr succesful copied
C:\Documents and Settings\SLAIDER\Рабочий стол\Delphi\Backuper 1.0\Backuper.exe NOT copied
C:\Documents and Settings\SLAIDER\Рабочий стол\Delphi\Backuper 1.0\backuper.log NOT copied
C:\Documents and Settings\SLAIDER\Рабочий стол\Delphi\Backuper 1.0\Backuper.res succesful copied
C:\Documents and Settings\SLAIDER\Рабочий стол\Delphi\Backuper 1.0\Backuper.~dpr succesful copied
C:\Documents and Settings\SLAIDER\Рабочий стол\Delphi\Backuper 1.0\COPY.ICO succesful copied
C:\Documents and Settings\SLAIDER\Рабочий стол\Delphi\Backuper 1.0\sample.bat succesful copied
C:\Documents and Settings\SLAIDER\Рабочий стол\Delphi\Backuper 1.0\Описание.txt succesful copied
8 файлов скопировано

***  New session 11:13:21 11.12.2008
Копирование в директорию c:\tmp\Home\Delphi\Backuper 1.0\Backup\
c:\tmp\Home\Delphi\Backuper 1.0\Backuper.cfg succesful copied
c:\tmp\Home\Delphi\Backuper 1.0\Backuper.dof succesful copied
c:\tmp\Home\Delphi\Backuper 1.0\Backuper.dpr succesful copied
c:\tmp\Home\Delphi\Backuper 1.0\Backuper.exe NOT copied
c:\tmp\Home\Delphi\Backuper 1.0\backuper.log NOT copied
c:\tmp\Home\Delphi\Backuper 1.0\Backuper.res succesful copied
c:\tmp\Home\Delphi\Backuper 1.0\Backuper.~dpr succesful copied
c:\tmp\Home\Delphi\Backuper 1.0\COPY.ICO succesful copied
c:\tmp\Home\Delphi\Backuper 1.0\sample.bat succesful copied
c:\tmp\Home\Delphi\Backuper 1.0\Описание.txt succesful copied
8 файлов скопировано

***  New session 11:13:26 11.12.2008
Копирование в директорию c:\tmp\Home\Delphi\Backuper 1.0\Backup\
c:\tmp\Home\Delphi\Backuper 1.0\Backuper.cfg succesful copied
c:\tmp\Home\Delphi\Backuper 1.0\Backuper.dof succesful copied
c:\tmp\Home\Delphi\Backuper 1.0\Backuper.dpr succesful copied
c:\tmp\Home\Delphi\Backuper 1.0\Backuper.exe NOT copied
c:\tmp\Home\Delphi\Backuper 1.0\backuper.log NOT copied
c:\tmp\Home\Delphi\Backuper 1.0\Backuper.res succesful copied
c:\tmp\Home\Delphi\Backuper 1.0\Backuper.~dpr succesful copied
c:\tmp\Home\Delphi\Backuper 1.0\COPY.ICO succesful copied
c:\tmp\Home\Delphi\Backuper 1.0\sample.bat succesful copied
c:\tmp\Home\Delphi\Backuper 1.0\Описание.txt succesful copied
8 файлов скопировано

***  New session 11:13:51 11.12.2008
Копирование в директорию C:\tmp\Home\Delphi\Backuper 1.0\Backup\
C:\tmp\Home\Delphi\Backuper 1.0\Backuper.cfg succesful copied
C:\tmp\Home\Delphi\Backuper 1.0\Backuper.dof succesful copied
C:\tmp\Home\Delphi\Backuper 1.0\Backuper.dpr succesful copied
C:\tmp\Home\Delphi\Backuper 1.0\Backuper.exe NOT copied
C:\tmp\Home\Delphi\Backuper 1.0\backuper.log NOT copied
C:\tmp\Home\Delphi\Backuper 1.0\Backuper.res succesful copied
C:\tmp\Home\Delphi\Backuper 1.0\Backuper.~dpr succesful copied
C:\tmp\Home\Delphi\Backuper 1.0\COPY.ICO succesful copied
C:\tmp\Home\Delphi\Backuper 1.0\sample.bat succesful copied
C:\tmp\Home\Delphi\Backuper 1.0\Описание.txt succesful copied
8 файлов скопировано

